<?xml version="1.0" encoding="UTF-8"?>
<Site BuildName="(empty)"
	BuildStamp="20250317-1233-Experimental"
	Name="marat-ubuntu"
	Generator="ctest-3.16.3"
	CompilerName="/usr/bin/aarch64-linux-gnu-g++"
	CompilerVersion="9.4.0"
	OSName="Linux"
	Hostname="marat-ubuntu"
	OSRelease="5.4.0-204-generic"
	OSVersion="#224-Ubuntu SMP Thu Dec 5 13:31:12 UTC 2024"
	OSPlatform="aarch64"
	Is64Bits="1"
	VendorString=""
	VendorID="Unknown Manufacturer"
	FamilyID="8"
	ModelID="0"
	ProcessorCacheSize="0"
	NumberOfLogicalCPU="4"
	NumberOfPhysicalCPU="1"
	TotalVirtualMemory="3918"
	TotalPhysicalMemory="3919"
	LogicalProcessorsPerPhysical="4"
	ProcessorClockFrequency="0"
	>
	<Testing>
		<StartDateTime>Mar 17 13:42 UTC</StartDateTime>
		<StartTestTime>1742218970</StartTestTime>
		<TestList/>
		<EndDateTime>Mar 17 13:42 UTC</EndDateTime>
		<EndTestTime>1742218970</EndTestTime>
		<ElapsedMinutes>0</ElapsedMinutes>
	</Testing>
</Site>
