<?xml version="1.0" encoding="UTF-8"?>
<Site BuildName="(empty)"
	BuildStamp="20250329-1259-Experimental"
	Name="marat-ubuntu"
	Generator="ctest-3.16.3"
	CompilerName="/usr/bin/aarch64-linux-gnu-g++"
	CompilerVersion="9.4.0"
	OSName="Linux"
	Hostname="marat-ubuntu"
	OSRelease="5.4.0-208-generic"
	OSVersion="#228-Ubuntu SMP Sat Feb 8 14:01:34 UTC 2025"
	OSPlatform="aarch64"
	Is64Bits="1"
	VendorString=""
	VendorID="Unknown Manufacturer"
	FamilyID="8"
	ModelID="0"
	ProcessorCacheSize="0"
	NumberOfLogicalCPU="4"
	NumberOfPhysicalCPU="1"
	TotalVirtualMemory="3918"
	TotalPhysicalMemory="3919"
	LogicalProcessorsPerPhysical="4"
	ProcessorClockFrequency="0"
	>
	<Testing>
		<StartDateTime>Mar 29 13:10 UTC</StartDateTime>
		<StartTestTime>1743253805</StartTestTime>
		<TestList/>
		<EndDateTime>Mar 29 13:10 UTC</EndDateTime>
		<EndTestTime>1743253805</EndTestTime>
		<ElapsedMinutes>0</ElapsedMinutes>
	</Testing>
</Site>
